0 info it worked if it ends with ok
1 verbose cli [ 'F:\\soft\\nodejs\\node.exe',
1 verbose cli   'F:\\soft\\nodejs\\node_modules\\npm\\bin\\npm-cli.js',
1 verbose cli   'run',
1 verbose cli   'dev' ]
2 info using npm@5.3.0
3 info using node@v8.4.0
4 verbose stack Error: ENOENT: no such file or directory, open 'F:\yian01\server\package.json'
5 verbose cwd F:\yian01\server
6 verbose Windows_NT 10.0.10586
7 verbose argv "F:\\soft\\nodejs\\node.exe" "F:\\soft\\nodejs\\node_modules\\npm\\bin\\npm-cli.js" "run" "dev"
8 verbose node v8.4.0
9 verbose npm  v5.3.0
10 error path F:\yian01\server\package.json
11 error code ENOENT
12 error errno -4058
13 error syscall open
14 error enoent ENOENT: no such file or directory, open 'F:\yian01\server\package.json'
15 error enoent This is related to npm not being able to find a file.
16 verbose exit [ -4058, true ]
